{"D:\\Otus\\express-basic\\src\\app.ts": {"path":"D:\\Otus\\express-basic\\src\\app.ts","statementMap":{"0":{"start":{"line":1,"column":0},"end":{"line":1,"column":67}},"1":{"start":{"line":2,"column":0},"end":{"line":2,"column":24}},"2":{"start":{"line":4,"column":0},"end":{"line":4,"column":50}},"3":{"start":{"line":5,"column":0},"end":{"line":5,"column":29}},"4":{"start":{"line":7,"column":13},"end":{"line":7,"column":29}},"5":{"start":{"line":10,"column":0},"end":{"line":10,"column":16}},"6":{"start":{"line":13,"column":0},"end":{"line":13,"column":24}},"7":{"start":{"line":16,"column":0},"end":{"line":16,"column":34}},"8":{"start":{"line":18,"column":0},"end":{"line":20,"column":3}},"9":{"start":{"line":19,"column":2},"end":{"line":19,"column":18}},"10":{"start":{"line":22,"column":0},"end":{"line":26,"column":3}},"11":{"start":{"line":23,"column":13},"end":{"line":23,"column":34}},"12":{"start":{"line":25,"column":2},"end":{"line":25,"column":64}},"13":{"start":{"line":28,"column":0},"end":{"line":33,"column":3}},"14":{"start":{"line":29,"column":34},"end":{"line":29,"column":42}},"15":{"start":{"line":30,"column":2},"end":{"line":30,"column":57}},"16":{"start":{"line":32,"column":2},"end":{"line":32,"column":22}},"17":{"start":{"line":35,"column":0},"end":{"line":45,"column":3}},"18":{"start":{"line":36,"column":13},"end":{"line":36,"column":34}},"19":{"start":{"line":38,"column":2},"end":{"line":41,"column":null}},"20":{"start":{"line":39,"column":4},"end":{"line":39,"column":24}},"21":{"start":{"line":40,"column":4},"end":{"line":40,"column":11}},"22":{"start":{"line":43,"column":2},"end":{"line":43,"column":23}},"23":{"start":{"line":44,"column":2},"end":{"line":44,"column":22}},"24":{"start":{"line":47,"column":0},"end":{"line":49,"column":3}},"25":{"start":{"line":48,"column":2},"end":{"line":48,"column":53}},"26":{"start":{"line":51,"column":0},"end":{"line":53,"column":3}},"27":{"start":{"line":52,"column":2},"end":{"line":52,"column":22}}},"fnMap":{"0":{"name":"(anonymous_1)","decl":{"start":{"line":18,"column":18},"end":{"line":18,"column":19}},"loc":{"start":{"line":18,"column":29},"end":{"line":20,"column":1}}},"1":{"name":"(anonymous_2)","decl":{"start":{"line":22,"column":22},"end":{"line":22,"column":23}},"loc":{"start":{"line":22,"column":35},"end":{"line":26,"column":1}}},"2":{"name":"(anonymous_3)","decl":{"start":{"line":28,"column":19},"end":{"line":28,"column":20}},"loc":{"start":{"line":28,"column":32},"end":{"line":33,"column":1}}},"3":{"name":"(anonymous_4)","decl":{"start":{"line":35,"column":25},"end":{"line":35,"column":26}},"loc":{"start":{"line":35,"column":38},"end":{"line":45,"column":1}}},"4":{"name":"(anonymous_5)","decl":{"start":{"line":47,"column":13},"end":{"line":47,"column":14}},"loc":{"start":{"line":47,"column":24},"end":{"line":49,"column":1}}},"5":{"name":"(anonymous_6)","decl":{"start":{"line":51,"column":8},"end":{"line":51,"column":9}},"loc":{"start":{"line":51,"column":68},"end":{"line":53,"column":1}}}},"branchMap":{"0":{"loc":{"start":{"line":25,"column":2},"end":{"line":25,"column":63}},"type":"cond-expr","locations":[{"start":{"line":25,"column":18},"end":{"line":25,"column":41}},{"start":{"line":25,"column":44},"end":{"line":25,"column":63}}]},"1":{"loc":{"start":{"line":38,"column":2},"end":{"line":41,"column":null}},"type":"if","locations":[{"start":{"line":38,"column":2},"end":{"line":41,"column":null}}]},"2":{"loc":{"start":{"line":38,"column":6},"end":{"line":38,"column":37}},"type":"binary-expr","locations":[{"start":{"line":38,"column":6},"end":{"line":38,"column":15}},{"start":{"line":38,"column":19},"end":{"line":38,"column":37}}]}},"s":{"0":1,"1":1,"2":1,"3":1,"4":1,"5":1,"6":1,"7":1,"8":1,"9":3,"10":1,"11":0,"12":0,"13":1,"14":1,"15":1,"16":1,"17":1,"18":0,"19":0,"20":0,"21":0,"22":0,"23":0,"24":1,"25":0,"26":1,"27":0},"f":{"0":3,"1":0,"2":1,"3":0,"4":0,"5":0},"b":{"0":[0,0],"1":[0],"2":[0,0]}}
,"D:\\Otus\\express-basic\\src\\fakeDb.ts": {"path":"D:\\Otus\\express-basic\\src\\fakeDb.ts","statementMap":{"0":{"start":{"line":8,"column":22},"end":{"line":27,"column":2}},"1":{"start":{"line":29,"column":0},"end":{"line":29,"column":21}}},"fnMap":{},"branchMap":{},"s":{"0":1,"1":1},"f":{},"b":{}}
,"D:\\Otus\\express-basic\\src\\utils\\idGenerator.ts": {"path":"D:\\Otus\\express-basic\\src\\utils\\idGenerator.ts","statementMap":{"0":{"start":{"line":1,"column":9},"end":{"line":1,"column":10}},"1":{"start":{"line":3,"column":27},"end":{"line":5,"column":1}},"2":{"start":{"line":4,"column":2},"end":{"line":4,"column":14}},"3":{"start":{"line":3,"column":13},"end":{"line":3,"column":27}}},"fnMap":{"0":{"name":"(anonymous_0)","decl":{"start":{"line":3,"column":27},"end":{"line":3,"column":30}},"loc":{"start":{"line":3,"column":32},"end":{"line":5,"column":1}}}},"branchMap":{},"s":{"0":1,"1":1,"2":1,"3":1},"f":{"0":1},"b":{}}
}
